<?xml version="1.0" encoding="UTF-8"?>
<!-- Generated by org.testng.reporters.JUnitXMLReporter -->
<testsuite hostname="DESKTOP-DT03IGN" failures="1" tests="2" name="Command line test" time="0.13" errors="0" timestamp="22 Oct 2022 04:16:19 GMT">
  <testcase classname="com.tien.fibonacci.core.FibonacciTest" name="isFibonacciTest" time="0.071">
    <failure type="java.lang.AssertionError" message="expected [true] but found [false]">
      <![CDATA[java.lang.AssertionError: expected [true] but found [false]
	at com.tien.fibonacci.core.FibonacciTest.isFibonacciTest(FibonacciTest.java:20)
... Removed 33 stack frames]]>
    </failure>
  </testcase> <!-- isFibonacciTest -->
  <testcase classname="com.tien.fibonacci.core.FibonacciTest" name="chekcIndexTest" time="0.001"/>
</testsuite> <!-- Command line test -->
